<?xml version="1.0" encoding="UTF-8"?>
<testng-results ignored="0" total="1" passed="0" failed="1" skipped="0">
  <reporter-output>
  </reporter-output>
  <suite started-at="2024-07-21T12:41:02 IST" name="Default suite" finished-at="2024-07-21T12:41:20 IST" duration-ms="18138">
    <groups>
    </groups>
    <test started-at="2024-07-21T12:41:02 IST" name="Default test" finished-at="2024-07-21T12:41:20 IST" duration-ms="18138">
      <class name="com.google.tests.ImageDownloadTest">
        <test-method is-config="true" signature="setUpExtentReports()[pri:0, instance:com.google.tests.ImageDownloadTest@76641439]" started-at="2024-07-21T12:41:02 IST" name="setUpExtentReports" finished-at="2024-07-21T12:41:02 IST" duration-ms="276" status="PASS">
          <reporter-output>
          </reporter-output>
        </test-method> <!-- setUpExtentReports -->
        <test-method is-config="true" signature="setUp()[pri:0, instance:com.google.tests.ImageDownloadTest@76641439]" started-at="2024-07-21T12:41:02 IST" name="setUp" finished-at="2024-07-21T12:41:03 IST" duration-ms="1092" status="PASS">
          <reporter-output>
          </reporter-output>
        </test-method> <!-- setUp -->
        <test-method is-config="true" signature="beforeMethod(java.lang.reflect.Method,org.testng.ITestContext)[pri:0, instance:com.google.tests.ImageDownloadTest@76641439]" started-at="2024-07-21T12:41:03 IST" name="beforeMethod" finished-at="2024-07-21T12:41:03 IST" duration-ms="19" status="PASS">
          <params>
            <param index="0">
              <value>
                <![CDATA[public void com.google.tests.ImageDownloadTest.testImageDownload()]]>
              </value>
            </param>
            <param index="1">
              <value>
                <![CDATA[org.testng.TestRunner@71cf6e8c]]>
              </value>
            </param>
          </params>
          <reporter-output>
          </reporter-output>
        </test-method> <!-- beforeMethod -->
        <test-method signature="testImageDownload()[pri:0, instance:com.google.tests.ImageDownloadTest@76641439]" started-at="2024-07-21T12:41:03 IST" name="testImageDownload" finished-at="2024-07-21T12:41:20 IST" duration-ms="16270" status="FAIL">
          <exception class="java.lang.AssertionError">
            <message>
              <![CDATA[The following asserts failed:
Failed to download the image. expected [true] but found [false],
Image download failed. expected [true] but found [false]]]>
            </message>
            <full-stacktrace>
              <![CDATA[java.lang.AssertionError: The following asserts failed:
Failed to download the image. expected [true] but found [false],
Image download failed. expected [true] but found [false]
at org.testng.asserts.SoftAssert.assertAll(SoftAssert.java:47)
at org.testng.asserts.SoftAssert.assertAll(SoftAssert.java:31)
at com.google.pages.GoogleImagesPage.verifyFileExistence(GoogleImagesPage.java:156)
at com.google.tests.ImageDownloadTest.testImageDownload(ImageDownloadTest.java:38)
at java.base/jdk.internal.reflect.DirectMethodHandleAccessor.invoke(DirectMethodHandleAccessor.java:103)
at java.base/java.lang.reflect.Method.invoke(Method.java:580)
at org.testng.internal.MethodInvocationHelper.invokeMethod(MethodInvocationHelper.java:133)
at org.testng.internal.TestInvoker.invokeMethod(TestInvoker.java:598)
at org.testng.internal.TestInvoker.invokeTestMethod(TestInvoker.java:173)
at org.testng.internal.MethodRunner.runInSequence(MethodRunner.java:46)
at org.testng.internal.TestInvoker$MethodInvocationAgent.invoke(TestInvoker.java:824)
at org.testng.internal.TestInvoker.invokeTestMethods(TestInvoker.java:146)
at org.testng.internal.TestMethodWorker.invokeTestMethods(TestMethodWorker.java:146)
at org.testng.internal.TestMethodWorker.run(TestMethodWorker.java:128)
at java.base/java.util.ArrayList.forEach(ArrayList.java:1596)
at org.testng.TestRunner.privateRun(TestRunner.java:794)
at org.testng.TestRunner.run(TestRunner.java:596)
at org.testng.SuiteRunner.runTest(SuiteRunner.java:377)
at org.testng.SuiteRunner.runSequentially(SuiteRunner.java:371)
at org.testng.SuiteRunner.privateRun(SuiteRunner.java:332)
at org.testng.SuiteRunner.run(SuiteRunner.java:276)
at org.testng.SuiteRunnerWorker.runSuite(SuiteRunnerWorker.java:53)
at org.testng.SuiteRunnerWorker.run(SuiteRunnerWorker.java:96)
at org.testng.TestNG.runSuitesSequentially(TestNG.java:1212)
at org.testng.TestNG.runSuitesLocally(TestNG.java:1134)
at org.testng.TestNG.runSuites(TestNG.java:1063)
at org.testng.TestNG.run(TestNG.java:1031)
at org.testng.remote.AbstractRemoteTestNG.run(AbstractRemoteTestNG.java:115)
at org.testng.remote.RemoteTestNG.initAndRun(RemoteTestNG.java:251)
at org.testng.remote.RemoteTestNG.main(RemoteTestNG.java:77)
]]>
            </full-stacktrace>
          </exception> <!-- java.lang.AssertionError -->
          <reporter-output>
          </reporter-output>
        </test-method> <!-- testImageDownload -->
        <test-method is-config="true" signature="afterMethod(java.lang.reflect.Method,org.testng.ITestContext)[pri:0, instance:com.google.tests.ImageDownloadTest@76641439]" started-at="2024-07-21T12:41:20 IST" name="afterMethod" finished-at="2024-07-21T12:41:20 IST" duration-ms="47" status="PASS">
          <params>
            <param index="0">
              <value>
                <![CDATA[public void com.google.tests.ImageDownloadTest.testImageDownload()]]>
              </value>
            </param>
            <param index="1">
              <value>
                <![CDATA[org.testng.TestRunner@71cf6e8c]]>
              </value>
            </param>
          </params>
          <reporter-output>
          </reporter-output>
        </test-method> <!-- afterMethod -->
        <test-method is-config="true" signature="tearDown()[pri:0, instance:com.google.tests.ImageDownloadTest@76641439]" started-at="2024-07-21T12:41:20 IST" name="tearDown" finished-at="2024-07-21T12:41:20 IST" duration-ms="579" status="PASS">
          <reporter-output>
          </reporter-output>
        </test-method> <!-- tearDown -->
        <test-method is-config="true" signature="tearDownExtentReports()[pri:0, instance:com.google.tests.ImageDownloadTest@76641439]" started-at="2024-07-21T12:41:21 IST" name="tearDownExtentReports" finished-at="2024-07-21T12:41:21 IST" duration-ms="904" status="PASS">
          <reporter-output>
          </reporter-output>
        </test-method> <!-- tearDownExtentReports -->
      </class> <!-- com.google.tests.ImageDownloadTest -->
    </test> <!-- Default test -->
  </suite> <!-- Default suite -->
</testng-results>
